level=info ts=2025-09-08T07:31:37.851851185Z caller=index_set.go:86 msg="uploading table index_20339"
level=info ts=2025-09-08T07:31:37.851863265Z caller=index_set.go:107 msg="finished uploading table index_20339"
level=info ts=2025-09-08T07:31:37.851873265Z caller=index_set.go:185 msg="cleaning up unwanted indexes from table index_20339"
level=info ts=2025-09-08T07:31:37.851881645Z caller=index_set.go:86 msg="uploading table index_20337"
level=info ts=2025-09-08T07:31:37.851887554Z caller=index_set.go:107 msg="finished uploading table index_20337"
level=info ts=2025-09-08T07:31:37.851894204Z caller=index_set.go:185 msg="cleaning up unwanted indexes from table index_20337"
level=info ts=2025-09-08T07:31:37.851900874Z caller=index_set.go:86 msg="uploading table index_20338"
level=info ts=2025-09-08T07:31:37.851906094Z caller=index_set.go:107 msg="finished uploading table index_20338"
level=info ts=2025-09-08T07:31:37.851912334Z caller=index_set.go:185 msg="cleaning up unwanted indexes from table index_20338"
level=info ts=2025-09-08T07:31:37.85501761Z caller=table_manager.go:171 index-store=boltdb-shipper-2020-10-24 msg="handing over indexes to shipper"
level=info ts=2025-09-08T07:31:37.855103259Z caller=table.go:318 msg="handing over indexes to shipper index_20339"
level=info ts=2025-09-08T07:31:37.855731534Z caller=table.go:334 msg="finished handing over table index_20339"
level=info ts=2025-09-08T07:31:37.861799765Z caller=table.go:318 msg="handing over indexes to shipper index_20337"
level=info ts=2025-09-08T07:31:37.861811435Z caller=table.go:334 msg="finished handing over table index_20337"
level=info ts=2025-09-08T07:31:37.861833855Z caller=table.go:318 msg="handing over indexes to shipper index_20338"
level=info ts=2025-09-08T07:31:37.861839225Z caller=table.go:334 msg="finished handing over table index_20338"
level=info ts=2025-09-08T07:32:37.851208125Z caller=table_manager.go:136 index-store=boltdb-shipper-2020-10-24 msg="uploading tables"
level=info ts=2025-09-08T07:32:37.851254634Z caller=index_set.go:86 msg="uploading table index_20339"
level=info ts=2025-09-08T07:32:37.854503479Z caller=table_manager.go:171 index-store=boltdb-shipper-2020-10-24 msg="handing over indexes to shipper"
level=info ts=2025-09-08T07:32:37.854563559Z caller=table.go:318 msg="handing over indexes to shipper index_20339"
level=info ts=2025-09-08T07:32:37.854578289Z caller=table.go:334 msg="finished handing over table index_20339"
level=info ts=2025-09-08T07:32:37.854631238Z caller=table.go:318 msg="handing over indexes to shipper index_20337"
level=info ts=2025-09-08T07:32:37.854638318Z caller=table.go:334 msg="finished handing over table index_20337"
level=info ts=2025-09-08T07:32:37.854669608Z caller=table.go:318 msg="handing over indexes to shipper index_20338"
level=info ts=2025-09-08T07:32:37.854676168Z caller=table.go:334 msg="finished handing over table index_20338"
level=info ts=2025-09-08T07:32:37.86456611Z caller=index_set.go:107 msg="finished uploading table index_20339"
level=info ts=2025-09-08T07:32:37.86459618Z caller=index_set.go:185 msg="cleaning up unwanted indexes from table index_20339"
level=info ts=2025-09-08T07:32:37.86460811Z caller=index_set.go:86 msg="uploading table index_20337"
level=info ts=2025-09-08T07:32:37.86461502Z caller=index_set.go:107 msg="finished uploading table index_20337"
level=info ts=2025-09-08T07:32:37.864638039Z caller=index_set.go:185 msg="cleaning up unwanted indexes from table index_20337"
level=info ts=2025-09-08T07:32:37.864645089Z caller=index_set.go:86 msg="uploading table index_20338"
level=info ts=2025-09-08T07:32:37.864650469Z caller=index_set.go:107 msg="finished uploading table index_20338"
level=info ts=2025-09-08T07:32:37.864657259Z caller=index_set.go:185 msg="cleaning up unwanted indexes from table index_20338"
level=info ts=2025-09-08T07:32:54.461829021Z caller=flush.go:167 msg="flushing stream" user=fake fp=165f2c16b6dd5069 immediate=false num_chunks=1 labels="{app=\"ingress-nginx\", component=\"controller\", container=\"controller\", filename=\"/var/log/pods/ingress-nginx_ingress-nginx-controller-wzsk9_dd2e7e30-d712-437a-b351-ecbdf234d25d/controller/7.log\", instance=\"ingress-nginx\", job=\"ingress-nginx/ingress-nginx\", namespace=\"ingress-nginx\", node_name=\"master1\", pod=\"ingress-nginx-controller-wzsk9\", stream=\"stdout\"}"
level=info ts=2025-09-08T07:33:37.852100571Z caller=table_manager.go:136 index-store=boltdb-shipper-2020-10-24 msg="uploading tables"
level=info ts=2025-09-08T07:33:37.852139141Z caller=index_set.go:86 msg="uploading table index_20339"
level=info ts=2025-09-08T07:33:37.852148211Z caller=index_set.go:107 msg="finished uploading table index_20339"
level=info ts=2025-09-08T07:33:37.852155411Z caller=index_set.go:185 msg="cleaning up unwanted indexes from table index_20339"
level=info ts=2025-09-08T07:33:37.852161841Z caller=index_set.go:86 msg="uploading table index_20337"
level=info ts=2025-09-08T07:33:37.852167541Z caller=index_set.go:107 msg="finished uploading table index_20337"
level=info ts=2025-09-08T07:33:37.852172321Z caller=index_set.go:185 msg="cleaning up unwanted indexes from table index_20337"
level=info ts=2025-09-08T07:33:37.852177541Z caller=index_set.go:86 msg="uploading table index_20338"
level=info ts=2025-09-08T07:33:37.852181481Z caller=index_set.go:107 msg="finished uploading table index_20338"
level=info ts=2025-09-08T07:33:37.852186Z caller=index_set.go:185 msg="cleaning up unwanted indexes from table index_20338"
level=info ts=2025-09-08T07:33:37.854275244Z caller=table_manager.go:171 index-store=boltdb-shipper-2020-10-24 msg="handing over indexes to shipper"
level=info ts=2025-09-08T07:33:37.854334594Z caller=table.go:318 msg="handing over indexes to shipper index_20337"
level=info ts=2025-09-08T07:33:37.854348554Z caller=table.go:334 msg="finished handing over table index_20337"
level=info ts=2025-09-08T07:33:37.854373354Z caller=table.go:318 msg="handing over indexes to shipper index_20338"
level=info ts=2025-09-08T07:33:37.854379374Z caller=table.go:334 msg="finished handing over table index_20338"
level=info ts=2025-09-08T07:33:37.854399923Z caller=table.go:318 msg="handing over indexes to shipper index_20339"
level=info ts=2025-09-08T07:33:37.854407163Z caller=table.go:334 msg="finished handing over table index_20339"
level=info ts=2025-09-08T07:33:43.329590584Z caller=checkpoint.go:498 msg="atomic checkpoint finished" old=/data/loki/wal/checkpoint.000317.tmp new=/data/loki/wal/checkpoint.000317
level=info ts=2025-09-08T07:33:43.33010372Z caller=checkpoint.go:569 msg="checkpoint done" time=4m5.469011468s
level=info ts=2025-09-08T07:34:24.676925402Z caller=flush.go:167 msg="flushing stream" user=fake fp=c25c9d7a2060a744 immediate=false num_chunks=1 labels="{app=\"master1\", component=\"kube-controller-manager\", container=\"kube-controller-manager\", filename=\"/var/log/pods/kube-system_kube-controller-manager-master1_36d9fe27669b6c3e1532500e1bf23e61/kube-controller-manager/172.log\", job=\"kube-system/master1\", namespace=\"kube-system\", node_name=\"master1\", pod=\"kube-controller-manager-master1\", stream=\"stderr\"}"
level=info ts=2025-09-08T07:34:37.851278671Z caller=table_manager.go:136 index-store=boltdb-shipper-2020-10-24 msg="uploading tables"
level=info ts=2025-09-08T07:34:37.85132816Z caller=index_set.go:86 msg="uploading table index_20338"
level=info ts=2025-09-08T07:34:37.85133938Z caller=index_set.go:107 msg="finished uploading table index_20338"
level=info ts=2025-09-08T07:34:37.85134968Z caller=index_set.go:185 msg="cleaning up unwanted indexes from table index_20338"
level=info ts=2025-09-08T07:34:37.85135915Z caller=index_set.go:86 msg="uploading table index_20339"
level=info ts=2025-09-08T07:34:37.85136599Z caller=index_set.go:107 msg="finished uploading table index_20339"
level=info ts=2025-09-08T07:34:37.85137304Z caller=index_set.go:185 msg="cleaning up unwanted indexes from table index_20339"
level=info ts=2025-09-08T07:34:37.85138041Z caller=index_set.go:86 msg="uploading table index_20337"
level=info ts=2025-09-08T07:34:37.85138635Z caller=index_set.go:107 msg="finished uploading table index_20337"
level=info ts=2025-09-08T07:34:37.85139287Z caller=index_set.go:185 msg="cleaning up unwanted indexes from table index_20337"
level=info ts=2025-09-08T07:34:37.854571606Z caller=table_manager.go:171 index-store=boltdb-shipper-2020-10-24 msg="handing over indexes to shipper"
level=info ts=2025-09-08T07:34:37.854609926Z caller=table_manager.go:228 index-store=boltdb-shipper-2020-10-24 msg="syncing tables"
level=info ts=2025-09-08T07:34:37.854635636Z caller=table.go:318 msg="handing over indexes to shipper index_20339"
level=info ts=2025-09-08T07:34:37.854651015Z caller=table.go:334 msg="finished handing over table index_20339"
ts=2025-09-08T07:34:37.855382189Z caller=spanlogger.go:86 level=info msg="building table cache"
ts=2025-09-08T07:34:37.855459889Z caller=spanlogger.go:86 level=info msg="table cache built" duration=57.64µs
ts=2025-09-08T07:34:37.855525368Z caller=spanlogger.go:86 level=info msg="building table cache"
ts=2025-09-08T07:34:37.855579198Z caller=spanlogger.go:86 level=info msg="table cache built" duration=45.5µs
level=info ts=2025-09-08T07:34:37.859574097Z caller=table.go:318 msg="handing over indexes to shipper index_20337"
level=info ts=2025-09-08T07:34:37.859596497Z caller=table.go:334 msg="finished handing over table index_20337"
level=info ts=2025-09-08T07:34:37.859629267Z caller=table.go:318 msg="handing over indexes to shipper index_20338"
level=info ts=2025-09-08T07:34:37.859636147Z caller=table.go:334 msg="finished handing over table index_20338"
level=info ts=2025-09-08T07:34:37.859894385Z caller=util.go:94 table-name=index_20339 file-name=loki-0-1757223969684398855-1757315700.gz size="94 kB" msg="downloaded file" total_time=3.813521ms
level=info ts=2025-09-08T07:34:37.860955366Z caller=checkpoint.go:611 msg="starting checkpoint"
level=info ts=2025-09-08T07:34:37.861097575Z caller=checkpoint.go:336 msg="attempting checkpoint for" dir=/data/loki/wal/checkpoint.000318
level=info ts=2025-09-08T07:34:37.864358731Z caller=table_manager.go:271 index-store=boltdb-shipper-2020-10-24 msg="query readiness setup completed" duration=4.51µs distinct_users_len=0 distinct_users=
level=info ts=2025-09-08T07:35:24.73109797Z caller=flush.go:167 msg="flushing stream" user=fake fp=f4edb349b360073c immediate=false num_chunks=1 labels="{app=\"grafana\", container=\"grafana\", filename=\"/var/log/pods/observability_grafana-d5f64bccf-xfqdg_9244b7bc-0b72-445e-bf59-c678149501cc/grafana/0.log\", instance=\"grafana\", job=\"observability/grafana\", namespace=\"observability\", node_name=\"master1\", pod=\"grafana-d5f64bccf-xfqdg\", stream=\"stdout\"}"
level=info ts=2025-09-08T07:35:37.852251407Z caller=table_manager.go:136 index-store=boltdb-shipper-2020-10-24 msg="uploading tables"
level=info ts=2025-09-08T07:35:37.852313077Z caller=index_set.go:86 msg="uploading table index_20339"
level=info ts=2025-09-08T07:35:37.852325067Z caller=index_set.go:107 msg="finished uploading table index_20339"
level=info ts=2025-09-08T07:35:37.852334887Z caller=index_set.go:185 msg="cleaning up unwanted indexes from table index_20339"
level=info ts=2025-09-08T07:35:37.852344116Z caller=index_set.go:86 msg="uploading table index_20337"
level=info ts=2025-09-08T07:35:37.852350406Z caller=index_set.go:107 msg="finished uploading table index_20337"
level=info ts=2025-09-08T07:35:37.852357326Z caller=index_set.go:185 msg="cleaning up unwanted indexes from table index_20337"
level=info ts=2025-09-08T07:35:37.852363866Z caller=index_set.go:86 msg="uploading table index_20338"
level=info ts=2025-09-08T07:35:37.852369256Z caller=index_set.go:107 msg="finished uploading table index_20338"
level=info ts=2025-09-08T07:35:37.852375716Z caller=index_set.go:185 msg="cleaning up unwanted indexes from table index_20338"
level=info ts=2025-09-08T07:35:37.854441951Z caller=table_manager.go:171 index-store=boltdb-shipper-2020-10-24 msg="handing over indexes to shipper"
level=info ts=2025-09-08T07:35:37.85449535Z caller=table.go:318 msg="handing over indexes to shipper index_20339"
level=info ts=2025-09-08T07:35:37.85450392Z caller=table.go:334 msg="finished handing over table index_20339"
level=info ts=2025-09-08T07:35:37.858912197Z caller=table.go:318 msg="handing over indexes to shipper index_20337"
level=info ts=2025-09-08T07:35:37.858930887Z caller=table.go:334 msg="finished handing over table index_20337"
level=info ts=2025-09-08T07:35:37.858980626Z caller=table.go:318 msg="handing over indexes to shipper index_20338"
level=info ts=2025-09-08T07:35:37.858992466Z caller=table.go:334 msg="finished handing over table index_20338"
level=info ts=2025-09-08T07:36:25.022895848Z caller=flush.go:167 msg="flushing stream" user=fake fp=854c09ddaf88c068 immediate=false num_chunks=1 labels="{app=\"master1\", component=\"etcd\", container=\"etcd\", filename=\"/var/log/pods/kube-system_etcd-master1_d0c73521214cf7246a04e914dfb731f0/etcd/3.log\", job=\"kube-system/master1\", namespace=\"kube-system\", node_name=\"master1\", pod=\"etcd-master1\", stream=\"stderr\"}"
level=info ts=2025-09-08T07:36:37.852278665Z caller=table_manager.go:136 index-store=boltdb-shipper-2020-10-24 msg="uploading tables"
level=info ts=2025-09-08T07:36:37.852321365Z caller=index_set.go:86 msg="uploading table index_20338"
level=info ts=2025-09-08T07:36:37.852332135Z caller=index_set.go:107 msg="finished uploading table index_20338"
level=info ts=2025-09-08T07:36:37.852342845Z caller=index_set.go:185 msg="cleaning up unwanted indexes from table index_20338"
level=info ts=2025-09-08T07:36:37.852351645Z caller=index_set.go:86 msg="uploading table index_20339"
level=info ts=2025-09-08T07:36:37.852358905Z caller=index_set.go:107 msg="finished uploading table index_20339"
level=info ts=2025-09-08T07:36:37.852365725Z caller=index_set.go:185 msg="cleaning up unwanted indexes from table index_20339"
level=info ts=2025-09-08T07:36:37.852372825Z caller=index_set.go:86 msg="uploading table index_20337"
level=info ts=2025-09-08T07:36:37.852378395Z caller=index_set.go:107 msg="finished uploading table index_20337"
level=info ts=2025-09-08T07:36:37.852384734Z caller=index_set.go:185 msg="cleaning up unwanted indexes from table index_20337"
level=info ts=2025-09-08T07:36:37.854480259Z caller=table_manager.go:171 index-store=boltdb-shipper-2020-10-24 msg="handing over indexes to shipper"
level=info ts=2025-09-08T07:36:37.854540148Z caller=table.go:318 msg="handing over indexes to shipper index_20337"
level=info ts=2025-09-08T07:36:37.854552468Z caller=table.go:334 msg="finished handing over table index_20337"
level=info ts=2025-09-08T07:36:37.854591368Z caller=table.go:318 msg="handing over indexes to shipper index_20338"
level=info ts=2025-09-08T07:36:37.854603068Z caller=table.go:334 msg="finished handing over table index_20338"
level=info ts=2025-09-08T07:36:37.854657617Z caller=table.go:318 msg="handing over indexes to shipper index_20339"
level=info ts=2025-09-08T07:36:37.854673127Z caller=table.go:334 msg="finished handing over table index_20339"
level=info ts=2025-09-08T07:37:25.436044708Z caller=flush.go:167 msg="flushing stream" user=fake fp=b202f7257f6efe19 immediate=false num_chunks=1 labels="{app=\"helm-controller\", container=\"manager\", filename=\"/var/log/pods/flux-system_helm-controller-84bc9fd48-k5c65_10e03165-8519-4cef-bace-8a82cc925e1c/manager/0.log\", job=\"flux-system/helm-controller\", namespace=\"flux-system\", node_name=\"master1\", pod=\"helm-controller-84bc9fd48-k5c65\", stream=\"stderr\"}"
level=info ts=2025-09-08T07:37:37.851918233Z caller=table_manager.go:136 index-store=boltdb-shipper-2020-10-24 msg="uploading tables"
level=info ts=2025-09-08T07:37:37.851964243Z caller=index_set.go:86 msg="uploading table index_20339"
level=info ts=2025-09-08T07:37:37.851976353Z caller=index_set.go:107 msg="finished uploading table index_20339"
level=info ts=2025-09-08T07:37:37.851986513Z caller=index_set.go:185 msg="cleaning up unwanted indexes from table index_20339"
level=info ts=2025-09-08T07:37:37.851995303Z caller=index_set.go:86 msg="uploading table index_20337"
level=info ts=2025-09-08T07:37:37.852001283Z caller=index_set.go:107 msg="finished uploading table index_20337"
level=info ts=2025-09-08T07:37:37.852008463Z caller=index_set.go:185 msg="cleaning up unwanted indexes from table index_20337"
level=info ts=2025-09-08T07:37:37.852020392Z caller=index_set.go:86 msg="uploading table index_20338"
level=info ts=2025-09-08T07:37:37.852026322Z caller=index_set.go:107 msg="finished uploading table index_20338"
level=info ts=2025-09-08T07:37:37.852033082Z caller=index_set.go:185 msg="cleaning up unwanted indexes from table index_20338"
level=info ts=2025-09-08T07:37:37.855127209Z caller=table_manager.go:171 index-store=boltdb-shipper-2020-10-24 msg="handing over indexes to shipper"
level=info ts=2025-09-08T07:37:37.855214578Z caller=table.go:318 msg="handing over indexes to shipper index_20339"
level=info ts=2025-09-08T07:37:37.855228358Z caller=table.go:334 msg="finished handing over table index_20339"
level=info ts=2025-09-08T07:37:37.859998543Z caller=table.go:318 msg="handing over indexes to shipper index_20337"
level=info ts=2025-09-08T07:37:37.860017003Z caller=table.go:334 msg="finished handing over table index_20337"
level=info ts=2025-09-08T07:37:37.860051482Z caller=table.go:318 msg="handing over indexes to shipper index_20338"
level=info ts=2025-09-08T07:37:37.860058622Z caller=table.go:334 msg="finished handing over table index_20338"
level=info ts=2025-09-08T07:37:54.234619741Z caller=checkpoint.go:498 msg="atomic checkpoint finished" old=/data/loki/wal/checkpoint.000318.tmp new=/data/loki/wal/checkpoint.000318
level=info ts=2025-09-08T07:37:54.235250736Z caller=checkpoint.go:569 msg="checkpoint done" time=3m16.373989071s
level=info ts=2025-09-08T07:38:37.851275405Z caller=table_manager.go:136 index-store=boltdb-shipper-2020-10-24 msg="uploading tables"
level=info ts=2025-09-08T07:38:37.851319755Z caller=index_set.go:86 msg="uploading table index_20339"
level=info ts=2025-09-08T07:38:37.851335105Z caller=index_set.go:107 msg="finished uploading table index_20339"
level=info ts=2025-09-08T07:38:37.851354134Z caller=index_set.go:185 msg="cleaning up unwanted indexes from table index_20339"
level=info ts=2025-09-08T07:38:37.854348292Z caller=index_set.go:86 msg="uploading table index_20337"
level=info ts=2025-09-08T07:38:37.854377712Z caller=index_set.go:107 msg="finished uploading table index_20337"
level=info ts=2025-09-08T07:38:37.854393212Z caller=index_set.go:185 msg="cleaning up unwanted indexes from table index_20337"
level=info ts=2025-09-08T07:38:37.854406501Z caller=index_set.go:86 msg="uploading table index_20338"
level=info ts=2025-09-08T07:38:37.854416661Z caller=index_set.go:107 msg="finished uploading table index_20338"
level=info ts=2025-09-08T07:38:37.854432551Z caller=index_set.go:185 msg="cleaning up unwanted indexes from table index_20338"
level=info ts=2025-09-08T07:38:37.854499621Z caller=table_manager.go:171 index-store=boltdb-shipper-2020-10-24 msg="handing over indexes to shipper"
level=info ts=2025-09-08T07:38:37.85455777Z caller=table.go:318 msg="handing over indexes to shipper index_20339"
level=info ts=2025-09-08T07:38:37.85457579Z caller=table.go:334 msg="finished handing over table index_20339"
level=info ts=2025-09-08T07:38:37.85464199Z caller=table.go:318 msg="handing over indexes to shipper index_20337"
level=info ts=2025-09-08T07:38:37.85465232Z caller=table.go:334 msg="finished handing over table index_20337"
level=info ts=2025-09-08T07:38:37.85469816Z caller=table.go:318 msg="handing over indexes to shipper index_20338"
level=info ts=2025-09-08T07:38:37.85470804Z caller=table.go:334 msg="finished handing over table index_20338"
level=info ts=2025-09-08T07:39:25.403340513Z caller=flush.go:167 msg="flushing stream" user=fake fp=c25c9d7a2060a744 immediate=false num_chunks=1 labels="{app=\"master1\", component=\"kube-controller-manager\", container=\"kube-controller-manager\", filename=\"/var/log/pods/kube-system_kube-controller-manager-master1_36d9fe27669b6c3e1532500e1bf23e61/kube-controller-manager/172.log\", job=\"kube-system/master1\", namespace=\"kube-system\", node_name=\"master1\", pod=\"kube-controller-manager-master1\", stream=\"stderr\"}"
level=info ts=2025-09-08T07:39:37.852203199Z caller=table_manager.go:136 index-store=boltdb-shipper-2020-10-24 msg="uploading tables"
level=info ts=2025-09-08T07:39:37.852258788Z caller=index_set.go:86 msg="uploading table index_20339"
level=info ts=2025-09-08T07:39:37.852270408Z caller=index_set.go:107 msg="finished uploading table index_20339"
level=info ts=2025-09-08T07:39:37.852280458Z caller=index_set.go:185 msg="cleaning up unwanted indexes from table index_20339"
level=info ts=2025-09-08T07:39:37.852289218Z caller=index_set.go:86 msg="uploading table index_20337"
level=info ts=2025-09-08T07:39:37.852295328Z caller=index_set.go:107 msg="finished uploading table index_20337"
level=info ts=2025-09-08T07:39:37.852302208Z caller=index_set.go:185 msg="cleaning up unwanted indexes from table index_20337"
level=info ts=2025-09-08T07:39:37.852308958Z caller=index_set.go:86 msg="uploading table index_20338"
level=info ts=2025-09-08T07:39:37.852314258Z caller=index_set.go:107 msg="finished uploading table index_20338"
level=info ts=2025-09-08T07:39:37.852320648Z caller=index_set.go:185 msg="cleaning up unwanted indexes from table index_20338"
level=info ts=2025-09-08T07:39:37.854417783Z caller=table_manager.go:171 index-store=boltdb-shipper-2020-10-24 msg="handing over indexes to shipper"
level=info ts=2025-09-08T07:39:37.855541154Z caller=table.go:318 msg="handing over indexes to shipper index_20339"
level=info ts=2025-09-08T07:39:37.855564764Z caller=table.go:334 msg="finished handing over table index_20339"
level=info ts=2025-09-08T07:39:37.854442212Z caller=table_manager.go:228 index-store=boltdb-shipper-2020-10-24 msg="syncing tables"
level=info ts=2025-09-08T07:39:37.860603627Z caller=checkpoint.go:611 msg="starting checkpoint"
ts=2025-09-08T07:39:37.85887378Z caller=spanlogger.go:86 level=info msg="building table cache"
ts=2025-09-08T07:39:37.860829266Z caller=spanlogger.go:86 level=info msg="table cache built" duration=90.369µs
ts=2025-09-08T07:39:37.860900325Z caller=spanlogger.go:86 level=info msg="building table cache"
ts=2025-09-08T07:39:37.860938435Z caller=spanlogger.go:86 level=info msg="table cache built" duration=31.24µs
level=info ts=2025-09-08T07:39:37.860981835Z caller=table_manager.go:271 index-store=boltdb-shipper-2020-10-24 msg="query readiness setup completed" duration=2.86µs distinct_users_len=0 distinct_users=
level=info ts=2025-09-08T07:39:37.861342212Z caller=checkpoint.go:336 msg="attempting checkpoint for" dir=/data/loki/wal/checkpoint.000319
level=info ts=2025-09-08T07:39:37.873449163Z caller=table.go:318 msg="handing over indexes to shipper index_20337"
level=info ts=2025-09-08T07:39:37.873466822Z caller=table.go:334 msg="finished handing over table index_20337"
level=info ts=2025-09-08T07:39:37.873503712Z caller=table.go:318 msg="handing over indexes to shipper index_20338"
level=info ts=2025-09-08T07:39:37.873512062Z caller=table.go:334 msg="finished handing over table index_20338"
ts=2025-09-08T07:39:43.871621384Z caller=spanlogger.go:86 level=info msg="building table names cache"
ts=2025-09-08T07:39:43.875825153Z caller=spanlogger.go:86 level=info msg="table names cache built" duration=3.339336ms
level=info ts=2025-09-08T07:39:43.876146981Z caller=compactor.go:683 msg="compacting table" table-name=index_20339
ts=2025-09-08T07:39:43.879405366Z caller=spanlogger.go:86 level=info msg="building table cache"
ts=2025-09-08T07:39:43.879576525Z caller=spanlogger.go:86 level=info msg="table cache built" duration=125.879µs
level=info ts=2025-09-08T07:39:43.879601215Z caller=table.go:132 table-name=index_20339 msg="listed files" count=2
level=info ts=2025-09-08T07:39:43.88038439Z caller=table_compactor.go:325 table-name=index_20339 msg="using compactor-1757315983.gz as seed file"
level=info ts=2025-09-08T07:39:43.890700514Z caller=util.go:94 table-name=index_20339 file-name=compactor-1757315983.gz size="623 kB" msg="downloaded file" total_time=7.853912ms
level=info ts=2025-09-08T07:39:43.891830975Z caller=util.go:94 table-name=index_20339 file-name=loki-0-1757223969684398855-1757315700.gz size="94 kB" msg="downloaded file" total_time=996.312µs
level=info ts=2025-09-08T07:39:43.923649432Z caller=index_set.go:269 table-name=index_20339 msg="removing source db files from storage" count=2
level=info ts=2025-09-08T07:39:43.924168878Z caller=compactor.go:688 msg="finished compacting table" table-name=index_20339
level=info ts=2025-09-08T07:39:43.924196908Z caller=compactor.go:683 msg="compacting table" table-name=index_20338
ts=2025-09-08T07:39:43.924303027Z caller=spanlogger.go:86 level=info msg="building table cache"
ts=2025-09-08T07:39:43.924349647Z caller=spanlogger.go:86 level=info msg="table cache built" duration=35.65µs
level=info ts=2025-09-08T07:39:43.924360387Z caller=table.go:132 table-name=index_20338 msg="listed files" count=1
level=info ts=2025-09-08T07:39:43.924405636Z caller=compactor.go:688 msg="finished compacting table" table-name=index_20338
level=info ts=2025-09-08T07:39:43.924423596Z caller=compactor.go:683 msg="compacting table" table-name=index_20337
ts=2025-09-08T07:39:43.924488256Z caller=spanlogger.go:86 level=info msg="building table cache"
ts=2025-09-08T07:39:43.924526655Z caller=spanlogger.go:86 level=info msg="table cache built" duration=31.459µs
level=info ts=2025-09-08T07:39:43.924534085Z caller=table.go:132 table-name=index_20337 msg="listed files" count=1
level=info ts=2025-09-08T07:39:43.924569695Z caller=compactor.go:688 msg="finished compacting table" table-name=index_20337
