level=info ts=2025-09-06T20:09:37.694097884Z caller=index_set.go:185 msg="cleaning up unwanted indexes from table index_20337"
level=info ts=2025-09-06T20:09:37.727032271Z caller=table_manager.go:171 index-store=boltdb-shipper-2020-10-24 msg="handing over indexes to shipper"
level=info ts=2025-09-06T20:09:37.729493685Z caller=table.go:318 msg="handing over indexes to shipper index_20337"
level=info ts=2025-09-06T20:09:37.729507275Z caller=table.go:334 msg="finished handing over table index_20337"
level=info ts=2025-09-06T20:10:37.688723698Z caller=table_manager.go:136 index-store=boltdb-shipper-2020-10-24 msg="uploading tables"
level=info ts=2025-09-06T20:10:37.692654352Z caller=index_set.go:86 msg="uploading table index_20337"
level=info ts=2025-09-06T20:10:37.693114089Z caller=index_set.go:107 msg="finished uploading table index_20337"
level=info ts=2025-09-06T20:10:37.693559447Z caller=index_set.go:185 msg="cleaning up unwanted indexes from table index_20337"
level=info ts=2025-09-06T20:10:37.727168487Z caller=table_manager.go:171 index-store=boltdb-shipper-2020-10-24 msg="handing over indexes to shipper"
level=info ts=2025-09-06T20:10:37.728779476Z caller=table.go:318 msg="handing over indexes to shipper index_20337"
level=info ts=2025-09-06T20:10:37.728873565Z caller=table.go:334 msg="finished handing over table index_20337"
level=info ts=2025-09-06T20:11:37.689538519Z caller=table_manager.go:136 index-store=boltdb-shipper-2020-10-24 msg="uploading tables"
level=info ts=2025-09-06T20:11:37.693787202Z caller=index_set.go:86 msg="uploading table index_20337"
level=info ts=2025-09-06T20:11:37.694301648Z caller=index_set.go:107 msg="finished uploading table index_20337"
level=info ts=2025-09-06T20:11:37.694779175Z caller=index_set.go:185 msg="cleaning up unwanted indexes from table index_20337"
level=info ts=2025-09-06T20:11:37.727221562Z caller=table_manager.go:171 index-store=boltdb-shipper-2020-10-24 msg="handing over indexes to shipper"
level=info ts=2025-09-06T20:11:37.730260571Z caller=table.go:318 msg="handing over indexes to shipper index_20337"
level=info ts=2025-09-06T20:11:37.730353181Z caller=table.go:334 msg="finished handing over table index_20337"
level=info ts=2025-09-06T20:12:37.688267479Z caller=table_manager.go:136 index-store=boltdb-shipper-2020-10-24 msg="uploading tables"
level=info ts=2025-09-06T20:12:37.690957551Z caller=index_set.go:86 msg="uploading table index_20337"
level=info ts=2025-09-06T20:12:37.691428008Z caller=index_set.go:107 msg="finished uploading table index_20337"
level=info ts=2025-09-06T20:12:37.691993615Z caller=index_set.go:185 msg="cleaning up unwanted indexes from table index_20337"
level=info ts=2025-09-06T20:12:37.705217298Z caller=table_manager.go:228 index-store=boltdb-shipper-2020-10-24 msg="syncing tables"
ts=2025-09-06T20:12:37.708893934Z caller=spanlogger.go:86 level=info msg="building table cache"
ts=2025-09-06T20:12:37.713570353Z caller=spanlogger.go:86 level=info msg="table cache built" duration=2.087357ms
ts=2025-09-06T20:12:37.714816164Z caller=spanlogger.go:86 level=info msg="building table cache"
ts=2025-09-06T20:12:37.715077922Z caller=spanlogger.go:86 level=info msg="table cache built" duration=246.138µs
level=info ts=2025-09-06T20:12:37.715889397Z caller=table_manager.go:271 index-store=boltdb-shipper-2020-10-24 msg="query readiness setup completed" duration=480.548µs distinct_users_len=0 distinct_users=
level=info ts=2025-09-06T20:12:37.727221852Z caller=table_manager.go:171 index-store=boltdb-shipper-2020-10-24 msg="handing over indexes to shipper"
level=info ts=2025-09-06T20:12:37.728517714Z caller=table.go:318 msg="handing over indexes to shipper index_20337"
level=info ts=2025-09-06T20:12:37.728623013Z caller=table.go:334 msg="finished handing over table index_20337"
level=info ts=2025-09-06T20:12:37.926217035Z caller=checkpoint.go:611 msg="starting checkpoint"
level=info ts=2025-09-06T20:12:37.930148859Z caller=checkpoint.go:336 msg="attempting checkpoint for" dir=/data/loki/wal/checkpoint.000401
level=info ts=2025-09-06T20:12:37.935681323Z caller=checkpoint.go:498 msg="atomic checkpoint finished" old=/data/loki/wal/checkpoint.000401.tmp new=/data/loki/wal/checkpoint.000401
level=info ts=2025-09-06T20:13:37.68840781Z caller=table_manager.go:136 index-store=boltdb-shipper-2020-10-24 msg="uploading tables"
level=info ts=2025-09-06T20:13:37.695043995Z caller=index_set.go:86 msg="uploading table index_20337"
level=info ts=2025-09-06T20:13:37.695717111Z caller=index_set.go:107 msg="finished uploading table index_20337"
level=info ts=2025-09-06T20:13:37.696703294Z caller=index_set.go:185 msg="cleaning up unwanted indexes from table index_20337"
level=info ts=2025-09-06T20:13:37.727827057Z caller=table_manager.go:171 index-store=boltdb-shipper-2020-10-24 msg="handing over indexes to shipper"
level=info ts=2025-09-06T20:13:37.730557169Z caller=table.go:318 msg="handing over indexes to shipper index_20337"
level=info ts=2025-09-06T20:13:37.730589289Z caller=table.go:334 msg="finished handing over table index_20337"
level=info ts=2025-09-06T20:14:37.688598914Z caller=table_manager.go:136 index-store=boltdb-shipper-2020-10-24 msg="uploading tables"
level=info ts=2025-09-06T20:14:37.693206983Z caller=index_set.go:86 msg="uploading table index_20337"
level=info ts=2025-09-06T20:14:37.69364378Z caller=index_set.go:107 msg="finished uploading table index_20337"
level=info ts=2025-09-06T20:14:37.694044137Z caller=index_set.go:185 msg="cleaning up unwanted indexes from table index_20337"
level=info ts=2025-09-06T20:14:37.727670473Z caller=table_manager.go:171 index-store=boltdb-shipper-2020-10-24 msg="handing over indexes to shipper"
level=info ts=2025-09-06T20:14:37.728966565Z caller=table.go:318 msg="handing over indexes to shipper index_20337"
level=info ts=2025-09-06T20:14:37.729027674Z caller=table.go:334 msg="finished handing over table index_20337"
level=info ts=2025-09-06T20:15:37.689295359Z caller=table_manager.go:136 index-store=boltdb-shipper-2020-10-24 msg="uploading tables"
level=info ts=2025-09-06T20:15:37.693373632Z caller=index_set.go:86 msg="uploading table index_20337"
level=info ts=2025-09-06T20:15:37.693869209Z caller=index_set.go:107 msg="finished uploading table index_20337"
level=info ts=2025-09-06T20:15:37.694507984Z caller=index_set.go:185 msg="cleaning up unwanted indexes from table index_20337"
level=info ts=2025-09-06T20:15:37.727431484Z caller=table_manager.go:171 index-store=boltdb-shipper-2020-10-24 msg="handing over indexes to shipper"
level=info ts=2025-09-06T20:15:37.729609369Z caller=table.go:318 msg="handing over indexes to shipper index_20337"
level=info ts=2025-09-06T20:15:37.729755988Z caller=table.go:334 msg="finished handing over table index_20337"
level=info ts=2025-09-06T20:16:37.688230031Z caller=table_manager.go:136 index-store=boltdb-shipper-2020-10-24 msg="uploading tables"
level=info ts=2025-09-06T20:16:37.69140711Z caller=index_set.go:86 msg="uploading table index_20337"
level=info ts=2025-09-06T20:16:37.691840346Z caller=index_set.go:107 msg="finished uploading table index_20337"
level=info ts=2025-09-06T20:16:37.692324463Z caller=index_set.go:185 msg="cleaning up unwanted indexes from table index_20337"
level=info ts=2025-09-06T20:16:37.727297488Z caller=table_manager.go:171 index-store=boltdb-shipper-2020-10-24 msg="handing over indexes to shipper"
level=info ts=2025-09-06T20:16:37.729041427Z caller=table.go:318 msg="handing over indexes to shipper index_20337"
level=info ts=2025-09-06T20:16:37.729181526Z caller=table.go:334 msg="finished handing over table index_20337"
level=info ts=2025-09-06T20:17:37.688527846Z caller=table_manager.go:136 index-store=boltdb-shipper-2020-10-24 msg="uploading tables"
level=info ts=2025-09-06T20:17:37.691931933Z caller=index_set.go:86 msg="uploading table index_20337"
level=info ts=2025-09-06T20:17:37.692473419Z caller=index_set.go:107 msg="finished uploading table index_20337"
level=info ts=2025-09-06T20:17:37.692956006Z caller=index_set.go:185 msg="cleaning up unwanted indexes from table index_20337"
level=info ts=2025-09-06T20:17:37.705542421Z caller=table_manager.go:228 index-store=boltdb-shipper-2020-10-24 msg="syncing tables"
ts=2025-09-06T20:17:37.709537984Z caller=spanlogger.go:86 level=info msg="building table cache"
ts=2025-09-06T20:17:37.713975024Z caller=spanlogger.go:86 level=info msg="table cache built" duration=1.963177ms
ts=2025-09-06T20:17:37.714740369Z caller=spanlogger.go:86 level=info msg="building table cache"
ts=2025-09-06T20:17:37.715018787Z caller=spanlogger.go:86 level=info msg="table cache built" duration=269.358µs
level=info ts=2025-09-06T20:17:37.715835902Z caller=table_manager.go:271 index-store=boltdb-shipper-2020-10-24 msg="query readiness setup completed" duration=413.037µs distinct_users_len=0 distinct_users=
level=info ts=2025-09-06T20:17:37.727582943Z caller=table_manager.go:171 index-store=boltdb-shipper-2020-10-24 msg="handing over indexes to shipper"
level=info ts=2025-09-06T20:17:37.729532759Z caller=table.go:318 msg="handing over indexes to shipper index_20337"
level=info ts=2025-09-06T20:17:37.729632788Z caller=table.go:334 msg="finished handing over table index_20337"
level=info ts=2025-09-06T20:17:37.928013028Z caller=checkpoint.go:611 msg="starting checkpoint"
level=info ts=2025-09-06T20:17:37.932289599Z caller=checkpoint.go:336 msg="attempting checkpoint for" dir=/data/loki/wal/checkpoint.000402
level=info ts=2025-09-06T20:17:37.938442677Z caller=checkpoint.go:498 msg="atomic checkpoint finished" old=/data/loki/wal/checkpoint.000402.tmp new=/data/loki/wal/checkpoint.000402
ts=2025-09-06T20:17:44.009081861Z caller=spanlogger.go:86 level=info msg="building table names cache"
ts=2025-09-06T20:17:44.023252455Z caller=spanlogger.go:86 level=info msg="table names cache built" duration=1.765868ms
level=info ts=2025-09-06T20:17:44.024469856Z caller=compactor.go:683 msg="compacting table" table-name=index_20337
ts=2025-09-06T20:17:44.030673175Z caller=spanlogger.go:86 level=info msg="building table cache"
ts=2025-09-06T20:17:44.031187871Z caller=spanlogger.go:86 level=info msg="table cache built" duration=66.99µs
level=info ts=2025-09-06T20:17:44.031212571Z caller=table.go:132 table-name=index_20337 msg="listed files" count=1
level=info ts=2025-09-06T20:17:44.03129578Z caller=compactor.go:688 msg="finished compacting table" table-name=index_20337
level=info ts=2025-09-06T20:17:44.03131965Z caller=compactor.go:683 msg="compacting table" table-name=index_20336
ts=2025-09-06T20:17:44.031384709Z caller=spanlogger.go:86 level=info msg="building table cache"
ts=2025-09-06T20:17:44.031451869Z caller=spanlogger.go:86 level=info msg="table cache built" duration=60.02µs
level=info ts=2025-09-06T20:17:44.031461139Z caller=table.go:132 table-name=index_20336 msg="listed files" count=1
level=info ts=2025-09-06T20:17:44.031514268Z caller=compactor.go:688 msg="finished compacting table" table-name=index_20336
level=info ts=2025-09-06T20:18:37.688767922Z caller=table_manager.go:136 index-store=boltdb-shipper-2020-10-24 msg="uploading tables"
level=info ts=2025-09-06T20:18:37.691666332Z caller=index_set.go:86 msg="uploading table index_20337"
level=info ts=2025-09-06T20:18:37.692314957Z caller=index_set.go:107 msg="finished uploading table index_20337"
level=info ts=2025-09-06T20:18:37.692826605Z caller=index_set.go:185 msg="cleaning up unwanted indexes from table index_20337"
level=info ts=2025-09-06T20:18:37.727782747Z caller=table_manager.go:171 index-store=boltdb-shipper-2020-10-24 msg="handing over indexes to shipper"
level=info ts=2025-09-06T20:18:37.729555125Z caller=table.go:318 msg="handing over indexes to shipper index_20337"
level=info ts=2025-09-06T20:18:37.729570985Z caller=table.go:334 msg="finished handing over table index_20337"
level=info ts=2025-09-06T20:19:37.688668328Z caller=table_manager.go:136 index-store=boltdb-shipper-2020-10-24 msg="uploading tables"
level=info ts=2025-09-06T20:19:37.691975176Z caller=index_set.go:86 msg="uploading table index_20337"
level=info ts=2025-09-06T20:19:37.692383433Z caller=index_set.go:107 msg="finished uploading table index_20337"
level=info ts=2025-09-06T20:19:37.69287563Z caller=index_set.go:185 msg="cleaning up unwanted indexes from table index_20337"
level=info ts=2025-09-06T20:19:37.727743443Z caller=table_manager.go:171 index-store=boltdb-shipper-2020-10-24 msg="handing over indexes to shipper"
level=info ts=2025-09-06T20:19:37.730287426Z caller=table.go:318 msg="handing over indexes to shipper index_20337"
level=info ts=2025-09-06T20:19:37.730305926Z caller=table.go:334 msg="finished handing over table index_20337"
level=info ts=2025-09-06T20:20:37.688313602Z caller=table_manager.go:136 index-store=boltdb-shipper-2020-10-24 msg="uploading tables"
level=info ts=2025-09-06T20:20:37.692896361Z caller=index_set.go:86 msg="uploading table index_20337"
level=info ts=2025-09-06T20:20:37.693406678Z caller=index_set.go:107 msg="finished uploading table index_20337"
level=info ts=2025-09-06T20:20:37.693869395Z caller=index_set.go:185 msg="cleaning up unwanted indexes from table index_20337"
level=info ts=2025-09-06T20:20:37.727771134Z caller=table_manager.go:171 index-store=boltdb-shipper-2020-10-24 msg="handing over indexes to shipper"
level=info ts=2025-09-06T20:20:37.729587652Z caller=table.go:318 msg="handing over indexes to shipper index_20337"
level=info ts=2025-09-06T20:20:37.729643452Z caller=table.go:334 msg="finished handing over table index_20337"
level=info ts=2025-09-06T20:21:37.688626482Z caller=table_manager.go:136 index-store=boltdb-shipper-2020-10-24 msg="uploading tables"
level=info ts=2025-09-06T20:21:37.692990533Z caller=index_set.go:86 msg="uploading table index_20337"
level=info ts=2025-09-06T20:21:37.69343345Z caller=index_set.go:107 msg="finished uploading table index_20337"
level=info ts=2025-09-06T20:21:37.694000735Z caller=index_set.go:185 msg="cleaning up unwanted indexes from table index_20337"
level=info ts=2025-09-06T20:21:37.727656446Z caller=table_manager.go:171 index-store=boltdb-shipper-2020-10-24 msg="handing over indexes to shipper"
level=info ts=2025-09-06T20:21:37.729611252Z caller=table.go:318 msg="handing over indexes to shipper index_20337"
level=info ts=2025-09-06T20:21:37.729710612Z caller=table.go:334 msg="finished handing over table index_20337"
level=info ts=2025-09-06T20:22:37.688409388Z caller=table_manager.go:136 index-store=boltdb-shipper-2020-10-24 msg="uploading tables"
level=info ts=2025-09-06T20:22:37.693173535Z caller=index_set.go:86 msg="uploading table index_20337"
level=info ts=2025-09-06T20:22:37.693644083Z caller=index_set.go:107 msg="finished uploading table index_20337"
level=info ts=2025-09-06T20:22:37.69411512Z caller=index_set.go:185 msg="cleaning up unwanted indexes from table index_20337"
level=info ts=2025-09-06T20:22:37.705536981Z caller=table_manager.go:228 index-store=boltdb-shipper-2020-10-24 msg="syncing tables"
ts=2025-09-06T20:22:37.709534144Z caller=spanlogger.go:86 level=info msg="building table cache"
ts=2025-09-06T20:22:37.715150805Z caller=spanlogger.go:86 level=info msg="table cache built" duration=2.675162ms
ts=2025-09-06T20:22:37.716850114Z caller=spanlogger.go:86 level=info msg="building table cache"
ts=2025-09-06T20:22:37.717118332Z caller=spanlogger.go:86 level=info msg="table cache built" duration=258.828µs
level=info ts=2025-09-06T20:22:37.717872747Z caller=table_manager.go:271 index-store=boltdb-shipper-2020-10-24 msg="query readiness setup completed" duration=392.238µs distinct_users_len=0 distinct_users=
level=info ts=2025-09-06T20:22:37.727456702Z caller=table_manager.go:171 index-store=boltdb-shipper-2020-10-24 msg="handing over indexes to shipper"
level=info ts=2025-09-06T20:22:37.7290634Z caller=table.go:318 msg="handing over indexes to shipper index_20337"
level=info ts=2025-09-06T20:22:37.729159199Z caller=table.go:334 msg="finished handing over table index_20337"
level=info ts=2025-09-06T20:22:37.926846079Z caller=checkpoint.go:611 msg="starting checkpoint"
level=info ts=2025-09-06T20:22:37.931945464Z caller=checkpoint.go:336 msg="attempting checkpoint for" dir=/data/loki/wal/checkpoint.000403
level=info ts=2025-09-06T20:22:37.939969259Z caller=checkpoint.go:498 msg="atomic checkpoint finished" old=/data/loki/wal/checkpoint.000403.tmp new=/data/loki/wal/checkpoint.000403
level=info ts=2025-09-06T20:23:37.688450661Z caller=table_manager.go:136 index-store=boltdb-shipper-2020-10-24 msg="uploading tables"
level=info ts=2025-09-06T20:23:37.693389937Z caller=index_set.go:86 msg="uploading table index_20337"
level=info ts=2025-09-06T20:23:37.694273691Z caller=index_set.go:107 msg="finished uploading table index_20337"
level=info ts=2025-09-06T20:23:37.695399654Z caller=index_set.go:185 msg="cleaning up unwanted indexes from table index_20337"
level=info ts=2025-09-06T20:23:37.727812121Z caller=table_manager.go:171 index-store=boltdb-shipper-2020-10-24 msg="handing over indexes to shipper"
level=info ts=2025-09-06T20:23:37.730611662Z caller=table.go:318 msg="handing over indexes to shipper index_20337"
level=info ts=2025-09-06T20:23:37.730726661Z caller=table.go:334 msg="finished handing over table index_20337"
level=info ts=2025-09-06T20:24:37.68850058Z caller=table_manager.go:136 index-store=boltdb-shipper-2020-10-24 msg="uploading tables"
level=info ts=2025-09-06T20:24:37.69141243Z caller=index_set.go:86 msg="uploading table index_20337"
level=info ts=2025-09-06T20:24:37.691839268Z caller=index_set.go:107 msg="finished uploading table index_20337"
level=info ts=2025-09-06T20:24:37.692262925Z caller=index_set.go:185 msg="cleaning up unwanted indexes from table index_20337"
level=info ts=2025-09-06T20:24:37.727560842Z caller=table_manager.go:171 index-store=boltdb-shipper-2020-10-24 msg="handing over indexes to shipper"
level=info ts=2025-09-06T20:24:37.72937649Z caller=table.go:318 msg="handing over indexes to shipper index_20337"
level=info ts=2025-09-06T20:24:37.72939281Z caller=table.go:334 msg="finished handing over table index_20337"
level=info ts=2025-09-06T20:25:37.689254219Z caller=table_manager.go:136 index-store=boltdb-shipper-2020-10-24 msg="uploading tables"
level=info ts=2025-09-06T20:25:37.693114233Z caller=index_set.go:86 msg="uploading table index_20337"
level=info ts=2025-09-06T20:25:37.693622199Z caller=index_set.go:107 msg="finished uploading table index_20337"
level=info ts=2025-09-06T20:25:37.694119626Z caller=index_set.go:185 msg="cleaning up unwanted indexes from table index_20337"
level=info ts=2025-09-06T20:25:37.727169879Z caller=table_manager.go:171 index-store=boltdb-shipper-2020-10-24 msg="handing over indexes to shipper"
level=info ts=2025-09-06T20:25:37.729115126Z caller=table.go:318 msg="handing over indexes to shipper index_20337"
level=info ts=2025-09-06T20:25:37.729202185Z caller=table.go:334 msg="finished handing over table index_20337"
level=info ts=2025-09-06T20:26:37.689491512Z caller=table_manager.go:136 index-store=boltdb-shipper-2020-10-24 msg="uploading tables"
level=info ts=2025-09-06T20:26:37.694434819Z caller=index_set.go:86 msg="uploading table index_20337"
level=info ts=2025-09-06T20:26:37.694976785Z caller=index_set.go:107 msg="finished uploading table index_20337"
level=info ts=2025-09-06T20:26:37.695433782Z caller=index_set.go:185 msg="cleaning up unwanted indexes from table index_20337"
level=info ts=2025-09-06T20:26:37.727408012Z caller=table_manager.go:171 index-store=boltdb-shipper-2020-10-24 msg="handing over indexes to shipper"
level=info ts=2025-09-06T20:26:37.729889415Z caller=table.go:318 msg="handing over indexes to shipper index_20337"
level=info ts=2025-09-06T20:26:37.730014014Z caller=table.go:334 msg="finished handing over table index_20337"
level=info ts=2025-09-06T20:27:37.688697087Z caller=table_manager.go:136 index-store=boltdb-shipper-2020-10-24 msg="uploading tables"
level=info ts=2025-09-06T20:27:37.693672Z caller=index_set.go:86 msg="uploading table index_20337"
level=info ts=2025-09-06T20:27:37.694267026Z caller=index_set.go:107 msg="finished uploading table index_20337"
level=info ts=2025-09-06T20:27:37.694764892Z caller=index_set.go:185 msg="cleaning up unwanted indexes from table index_20337"
level=info ts=2025-09-06T20:27:37.705638171Z caller=table_manager.go:228 index-store=boltdb-shipper-2020-10-24 msg="syncing tables"
ts=2025-09-06T20:27:37.709860469Z caller=spanlogger.go:86 level=info msg="building table cache"
ts=2025-09-06T20:27:37.715289959Z caller=spanlogger.go:86 level=info msg="table cache built" duration=1.951206ms
ts=2025-09-06T20:27:37.717770491Z caller=spanlogger.go:86 level=info msg="building table cache"
ts=2025-09-06T20:27:37.71789019Z caller=spanlogger.go:86 level=info msg="table cache built" duration=99.43µs
level=info ts=2025-09-06T20:27:37.718671774Z caller=table_manager.go:271 index-store=boltdb-shipper-2020-10-24 msg="query readiness setup completed" duration=371.458µs distinct_users_len=0 distinct_users=
level=info ts=2025-09-06T20:27:37.718699793Z caller=table_manager.go:244 index-store=boltdb-shipper-2020-10-24 msg="cleaning tables cache"
level=info ts=2025-09-06T20:27:37.718734643Z caller=table_manager.go:247 index-store=boltdb-shipper-2020-10-24 msg="cleaning up expired table index_20336"
level=info ts=2025-09-06T20:27:37.718745193Z caller=table_manager.go:247 index-store=boltdb-shipper-2020-10-24 msg="cleaning up expired table index_20337"
level=info ts=2025-09-06T20:27:37.727640017Z caller=table_manager.go:171 index-store=boltdb-shipper-2020-10-24 msg="handing over indexes to shipper"
level=info ts=2025-09-06T20:27:37.729546853Z caller=table.go:318 msg="handing over indexes to shipper index_20337"
level=info ts=2025-09-06T20:27:37.729706962Z caller=table.go:334 msg="finished handing over table index_20337"
level=info ts=2025-09-06T20:27:37.926554704Z caller=checkpoint.go:611 msg="starting checkpoint"
level=info ts=2025-09-06T20:27:37.930797582Z caller=checkpoint.go:336 msg="attempting checkpoint for" dir=/data/loki/wal/checkpoint.000404
level=info ts=2025-09-06T20:27:37.940818628Z caller=checkpoint.go:498 msg="atomic checkpoint finished" old=/data/loki/wal/checkpoint.000404.tmp new=/data/loki/wal/checkpoint.000404
ts=2025-09-06T20:27:44.008869087Z caller=spanlogger.go:86 level=info msg="building table names cache"
ts=2025-09-06T20:27:44.019025611Z caller=spanlogger.go:86 level=info msg="table names cache built" duration=1.23505ms
level=info ts=2025-09-06T20:27:44.019434858Z caller=compactor.go:683 msg="compacting table" table-name=index_20337
ts=2025-09-06T20:27:44.030800393Z caller=spanlogger.go:86 level=info msg="building table cache"
ts=2025-09-06T20:27:44.030881873Z caller=spanlogger.go:86 level=info msg="table cache built" duration=49.89µs
level=info ts=2025-09-06T20:27:44.030897293Z caller=table.go:132 table-name=index_20337 msg="listed files" count=1
level=info ts=2025-09-06T20:27:44.031330519Z caller=compactor.go:688 msg="finished compacting table" table-name=index_20337
level=info ts=2025-09-06T20:27:44.031365969Z caller=compactor.go:683 msg="compacting table" table-name=index_20336
ts=2025-09-06T20:27:44.031446918Z caller=spanlogger.go:86 level=info msg="building table cache"
ts=2025-09-06T20:27:44.031500508Z caller=spanlogger.go:86 level=info msg="table cache built" duration=42.01µs
level=info ts=2025-09-06T20:27:44.031511238Z caller=table.go:132 table-name=index_20336 msg="listed files" count=1
level=info ts=2025-09-06T20:27:44.031554367Z caller=compactor.go:688 msg="finished compacting table" table-name=index_20336
level=info ts=2025-09-06T20:28:37.689338596Z caller=table_manager.go:136 index-store=boltdb-shipper-2020-10-24 msg="uploading tables"
level=info ts=2025-09-06T20:28:37.692368734Z caller=index_set.go:86 msg="uploading table index_20337"
level=info ts=2025-09-06T20:28:37.692769301Z caller=index_set.go:107 msg="finished uploading table index_20337"
level=info ts=2025-09-06T20:28:37.693098508Z caller=index_set.go:185 msg="cleaning up unwanted indexes from table index_20337"
level=info ts=2025-09-06T20:28:37.727351495Z caller=table_manager.go:171 index-store=boltdb-shipper-2020-10-24 msg="handing over indexes to shipper"
level=info ts=2025-09-06T20:28:37.728659875Z caller=table.go:318 msg="handing over indexes to shipper index_20337"
level=info ts=2025-09-06T20:28:37.728684675Z caller=table.go:334 msg="finished handing over table index_20337"
